<?xml version="1.0" encoding="UTF-8"?>
<!-- Generated by org.testng.reporters.JUnitReportReporter -->
<testsuite hostname="DESKTOP-2G3OJGV" failures="0" tests="1" name="tutorialninja.register.TC_005" time="10.940" errors="0" timestamp="2025-10-07T23:02:09 IST" skipped="0">
  <testcase classname="tutorialninja.register.TC_005" name="verifyRegisterWithNoSubscribtion" time="10.940"/>
</testsuite> <!-- tutorialninja.register.TC_005 -->
