<?xml version="1.0" encoding="UTF-8"?>
<!-- Generated by org.testng.reporters.JUnitReportReporter -->
<testsuite hostname="DESKTOP-2G3OJGV" failures="0" tests="1" name="tutorialninja.register.TC_002" time="25.286" errors="0" timestamp="2025-10-07T22:21:01 IST" skipped="0">
  <testcase classname="tutorialninja.register.TC_002" name="verifyRegisterSuccesfullPage" time="25.286"/>
</testsuite> <!-- tutorialninja.register.TC_002 -->
