<?xml version="1.0" encoding="UTF-8"?>
<!-- Generated by org.testng.reporters.JUnitReportReporter -->
<testsuite hostname="DESKTOP-2G3OJGV" failures="0" tests="1" name="tutorialninja.register.TC_012" time="15.257" errors="0" timestamp="2025-09-19T21:00:54 IST" skipped="0">
  <testcase classname="tutorialninja.register.TC_012" name="verifyRegisterAccountPageUsingKeyboardKeys" time="15.257"/>
</testsuite> <!-- tutorialninja.register.TC_012 -->
