<?xml version="1.0" encoding="UTF-8"?>
<!-- Generated by org.testng.reporters.JUnitReportReporter -->
<testsuite hostname="DESKTOP-2G3OJGV" failures="0" tests="1" name="tutorialninja.register.TC_008" time="10.349" errors="0" timestamp="2025-10-07T18:55:40 IST" skipped="0">
  <testcase classname="tutorialninja.register.TC_008" name="verifyRegisterNewUserWithWrongPassword" time="10.349"/>
</testsuite> <!-- tutorialninja.register.TC_008 -->
