<?xml version="1.0" encoding="UTF-8"?>
<!-- Generated by org.testng.reporters.JUnitReportReporter -->
<testsuite hostname="DESKTOP-2G3OJGV" failures="0" tests="1" name="tutorialninja.register.TC_010_02" time="13.828" errors="0" timestamp="2025-09-19T17:29:09 IST" skipped="0">
  <testcase classname="tutorialninja.register.TC_010_02" name="verifyEmailFieldWithDifferentData" time="13.828"/>
</testsuite> <!-- tutorialninja.register.TC_010_02 -->
