<?xml version="1.0" encoding="UTF-8"?>
<!-- Generated by org.testng.reporters.JUnitReportReporter -->
<testsuite hostname="DESKTOP-2G3OJGV" failures="0" tests="1" name="tutorialninja.register.TC_009" time="10.230" errors="0" timestamp="2025-10-06T20:49:33 IST" skipped="0">
  <testcase classname="tutorialninja.register.TC_009" name="verifyRegisterNewUserWithExistingEmail" time="10.230"/>
</testsuite> <!-- tutorialninja.register.TC_009 -->
