<?xml version="1.0" encoding="UTF-8"?>
<!-- Generated by org.testng.reporters.JUnitReportReporter -->
<testsuite hostname="triveouss-MacBook-Air.local" failures="0" tests="1" name="tutorialninja.register.TF_003" time="9.860" errors="0" timestamp="2025-08-02T16:00:02 IST" skipped="0">
  <testcase classname="tutorialninja.register.TF_003" name="verifyValidationMessageOnRegisterPage" time="9.860"/>
</testsuite> <!-- tutorialninja.register.TF_003 -->
