<?xml version="1.0" encoding="UTF-8"?>
<!-- Generated by org.testng.reporters.JUnitReportReporter -->
<testsuite hostname="DESKTOP-2G3OJGV" failures="0" tests="1" name="tutorialninja.tests.Login" time="9.777" errors="0" timestamp="2025-10-16T21:15:24 IST" skipped="0">
  <testcase classname="tutorialninja.tests.Login" name="verifyPasswordEneterdHaveToggeled" time="9.777"/>
</testsuite> <!-- tutorialninja.tests.Login -->
