<?xml version="1.0" encoding="UTF-8"?>
<!-- Generated by org.testng.reporters.JUnitReportReporter -->
<testsuite hostname="triveouss-MacBook-Air.local" failures="0" tests="1" name="tutorialninja.register.TC_005" time="4.992" errors="0" timestamp="2025-08-03T16:03:06 IST" skipped="0">
  <testcase classname="tutorialninja.register.TC_005" name="verifyRegisterWithNoSubscribtion" time="4.992"/>
</testsuite> <!-- tutorialninja.register.TC_005 -->
