<?xml version="1.0" encoding="UTF-8"?>
<!-- Generated by org.testng.reporters.JUnitReportReporter -->
<testsuite hostname="triveouss-MacBook-Air.local" failures="0" tests="1" name="tutorialninja.register.TC_006" time="3.437" errors="0" timestamp="2025-08-03T16:19:15 IST" skipped="0">
  <testcase classname="tutorialninja.register.TC_006" name="verifyNevigateToRegisterPage" time="3.437"/>
</testsuite> <!-- tutorialninja.register.TC_006 -->
