<?xml version="1.0" encoding="UTF-8"?>
<!-- Generated by org.testng.reporters.JUnitReportReporter -->
<testsuite hostname="triveouss-MacBook-Air.local" failures="0" tests="1" name="tutorialninja.register.TC_001" time="5.076" errors="0" timestamp="2025-07-26T18:14:26 IST" skipped="0">
  <testcase classname="tutorialninja.register.TC_001" name="registerWithEmail" time="5.076"/>
</testsuite> <!-- tutorialninja.register.TC_001 -->
