<?xml version="1.0" encoding="UTF-8"?>
<!-- Generated by org.testng.reporters.JUnitReportReporter -->
<testsuite hostname="DESKTOP-2G3OJGV" failures="0" tests="1" name="tutorialninja.register.TC_001" time="22.253" errors="0" timestamp="2025-10-06T20:34:21 IST" skipped="0">
  <testcase classname="tutorialninja.register.TC_001" name="registerWithEmail" time="22.253"/>
</testsuite> <!-- tutorialninja.register.TC_001 -->
