<?xml version="1.0" encoding="UTF-8"?>
<!-- Generated by org.testng.reporters.JUnitReportReporter -->
<testsuite hostname="DESKTOP-2G3OJGV" failures="0" tests="1" name="tutorialninja.register.TC_008" time="9.504" errors="0" timestamp="2025-09-18T17:36:31 IST" skipped="0">
  <testcase classname="tutorialninja.register.TC_008" name="verifyRegisterNewUserWithWrongPassword" time="9.504"/>
</testsuite> <!-- tutorialninja.register.TC_008 -->
