<?xml version="1.0" encoding="UTF-8"?>
<!-- Generated by org.testng.reporters.JUnitReportReporter -->
<testsuite hostname="DESKTOP-2G3OJGV" failures="0" tests="1" name="tutorialninja.register.TC_002" time="10.675" errors="0" timestamp="2025-10-06T20:37:40 IST" skipped="0">
  <testcase classname="tutorialninja.register.TC_002" name="verifyRegisterSuccesfullPage" time="10.675"/>
</testsuite> <!-- tutorialninja.register.TC_002 -->
