<?xml version="1.0" encoding="UTF-8"?>
<!-- Generated by org.testng.reporters.JUnitReportReporter -->
<testsuite hostname="DESKTOP-2G3OJGV" failures="0" tests="1" name="tutorialninja.register.TC_025" time="14.682" errors="0" timestamp="2025-10-06T19:39:20 IST" skipped="0">
  <testcase classname="tutorialninja.register.TC_025" name="verifyBreadcrumURLTitleHeadingOnRegisterAccountPage" time="14.682"/>
</testsuite> <!-- tutorialninja.register.TC_025 -->
