<?xml version="1.0" encoding="UTF-8"?>
<!-- Generated by org.testng.reporters.JUnitReportReporter -->
<testsuite hostname="DESKTOP-2G3OJGV" failures="0" tests="1" name="tutorialninja.register.TC_016" time="17.240" errors="0" timestamp="2025-10-07T18:55:40 IST" skipped="0">
  <testcase classname="tutorialninja.register.TC_016" name="verifySpaceNotAllowedOnRegistedField" time="17.240"/>
</testsuite> <!-- tutorialninja.register.TC_016 -->
