<?xml version="1.0" encoding="UTF-8"?>
<!-- Generated by org.testng.reporters.JUnitReportReporter -->
<testsuite hostname="DESKTOP-2G3OJGV" failures="0" tests="1" name="tutorialninja.register.TC_008" time="12.498" errors="0" timestamp="2025-10-06T20:45:41 IST" skipped="0">
  <testcase classname="tutorialninja.register.TC_008" name="verifyRegisterNewUserWithWrongPassword" time="12.498"/>
</testsuite> <!-- tutorialninja.register.TC_008 -->
