<?xml version="1.0" encoding="UTF-8"?>
<!-- Generated by org.testng.reporters.JUnitReportReporter -->
<testsuite hostname="DESKTOP-2G3OJGV" failures="0" tests="1" name="tutorialninja.register.TC_007" time="13.259" errors="0" timestamp="2025-10-08T11:03:17 IST" skipped="0">
  <testcase classname="tutorialninja.register.TC_007" name="verifyRegisterAccountPage" time="13.259"/>
</testsuite> <!-- tutorialninja.register.TC_007 -->
