<?xml version="1.0" encoding="UTF-8"?>
<!-- Generated by org.testng.reporters.JUnitReportReporter -->
<testsuite hostname="DESKTOP-2G3OJGV" failures="0" tests="1" name="tutorialninja.register.TC_010" time="9.462" errors="0" timestamp="2025-10-07T18:56:59 IST" skipped="0">
  <testcase classname="tutorialninja.register.TC_010" name="verifyEmailFieldWithDifferentData" time="9.462"/>
</testsuite> <!-- tutorialninja.register.TC_010 -->
