<?xml version="1.0" encoding="UTF-8"?>
<!-- Generated by org.testng.reporters.JUnitReportReporter -->
<testsuite hostname="DESKTOP-2G3OJGV" failures="0" tests="1" name="tutorialninja.register.TC_004" time="14.637" errors="0" timestamp="2025-10-07T22:48:56 IST" skipped="0">
  <testcase classname="tutorialninja.register.TC_004" name="verifyRegisteringAccountBySubscribingNewsLetter" time="14.637"/>
</testsuite> <!-- tutorialninja.register.TC_004 -->
