<?xml version="1.0" encoding="UTF-8"?>
<!-- Generated by org.testng.reporters.JUnitReportReporter -->
<testsuite hostname="DESKTOP-2G3OJGV" failures="0" tests="1" name="tutorialninja.register.TC_010" time="41.518" errors="0" timestamp="2025-09-19T17:50:18 IST" skipped="0">
  <testcase classname="tutorialninja.register.TC_010" name="verifyEmailFieldWithDifferentData" time="41.518"/>
</testsuite> <!-- tutorialninja.register.TC_010 -->
