<?xml version="1.0" encoding="UTF-8"?>
<!-- Generated by org.testng.reporters.JUnitReportReporter -->
<testsuite hostname="DESKTOP-2G3OJGV" failures="0" tests="1" name="tutorialninja.register.TC_006" time="10.817" errors="0" timestamp="2025-10-07T23:38:27 IST" skipped="0">
  <testcase classname="tutorialninja.register.TC_006" name="verifyNevigateToRegisterPage" time="10.817"/>
</testsuite> <!-- tutorialninja.register.TC_006 -->
