<?xml version="1.0" encoding="UTF-8"?>
<!-- Generated by org.testng.reporters.JUnitReportReporter -->
<testsuite hostname="DESKTOP-2G3OJGV" failures="0" tests="1" name="tutorialninja.register.TC_007" time="16.550" errors="0" timestamp="2025-10-06T19:39:20 IST" skipped="0">
  <testcase classname="tutorialninja.register.TC_007" name="verifyRegisterAccountPage" time="16.550"/>
</testsuite> <!-- tutorialninja.register.TC_007 -->
